{"/Users/sanphetsongjindasak/Desktop/development/tripmate/tripmate-expo/features/auth/authService.ts": {"path":"/Users/sanphetsongjindasak/Desktop/development/tripmate/tripmate-expo/features/auth/authService.ts","statementMap":{"0":{"start":{"line":3,"column":0},"end":{"line":3,"column":94}},"1":{"start":{"line":4,"column":0},"end":{"line":4,"column":69}},"2":{"start":{"line":6,"column":0},"end":{"line":6,"column":45}},"3":{"start":{"line":9,"column":31},"end":{"line":28,"column":1}},"4":{"start":{"line":10,"column":2},"end":{"line":27,"column":3}},"5":{"start":{"line":11,"column":21},"end":{"line":11,"column":75}},"6":{"start":{"line":13,"column":4},"end":{"line":15,"column":5}},"7":{"start":{"line":14,"column":6},"end":{"line":14,"column":95}},"8":{"start":{"line":17,"column":20},"end":{"line":17,"column":43}},"9":{"start":{"line":18,"column":4},"end":{"line":20,"column":5}},"10":{"start":{"line":19,"column":6},"end":{"line":19,"column":81}},"11":{"start":{"line":22,"column":4},"end":{"line":22,"column":32}},"12":{"start":{"line":23,"column":4},"end":{"line":23,"column":16}},"13":{"start":{"line":25,"column":4},"end":{"line":25,"column":57}},"14":{"start":{"line":26,"column":4},"end":{"line":26,"column":17}},"15":{"start":{"line":9,"column":13},"end":{"line":9,"column":31}},"16":{"start":{"line":30,"column":33},"end":{"line":42,"column":1}},"17":{"start":{"line":31,"column":2},"end":{"line":41,"column":3}},"18":{"start":{"line":32,"column":4},"end":{"line":36,"column":7}},"19":{"start":{"line":37,"column":4},"end":{"line":37,"column":16}},"20":{"start":{"line":39,"column":4},"end":{"line":39,"column":58}},"21":{"start":{"line":40,"column":4},"end":{"line":40,"column":17}},"22":{"start":{"line":30,"column":13},"end":{"line":30,"column":33}},"23":{"start":{"line":44,"column":30},"end":{"line":82,"column":1}},"24":{"start":{"line":45,"column":2},"end":{"line":81,"column":3}},"25":{"start":{"line":46,"column":21},"end":{"line":46,"column":72}},"26":{"start":{"line":48,"column":4},"end":{"line":50,"column":5}},"27":{"start":{"line":49,"column":6},"end":{"line":49,"column":32}},"28":{"start":{"line":52,"column":4},"end":{"line":52,"column":16}},"29":{"start":{"line":55,"column":4},"end":{"line":80,"column":5}},"30":{"start":{"line":57,"column":21},"end":{"line":57,"column":42}},"31":{"start":{"line":59,"column":6},"end":{"line":71,"column":7}},"32":{"start":{"line":61,"column":8},"end":{"line":61,"column":68}},"33":{"start":{"line":62,"column":8},"end":{"line":62,"column":20}},"34":{"start":{"line":63,"column":13},"end":{"line":71,"column":7}},"35":{"start":{"line":65,"column":8},"end":{"line":65,"column":97}},"36":{"start":{"line":66,"column":8},"end":{"line":66,"column":20}},"37":{"start":{"line":69,"column":8},"end":{"line":69,"column":96}},"38":{"start":{"line":70,"column":8},"end":{"line":70,"column":20}},"39":{"start":{"line":72,"column":11},"end":{"line":80,"column":5}},"40":{"start":{"line":74,"column":6},"end":{"line":74,"column":81}},"41":{"start":{"line":75,"column":6},"end":{"line":75,"column":18}},"42":{"start":{"line":78,"column":6},"end":{"line":78,"column":67}},"43":{"start":{"line":79,"column":6},"end":{"line":79,"column":18}},"44":{"start":{"line":44,"column":13},"end":{"line":44,"column":30}},"45":{"start":{"line":83,"column":34},"end":{"line":124,"column":1}},"46":{"start":{"line":84,"column":21},"end":{"line":84,"column":62}},"47":{"start":{"line":87,"column":2},"end":{"line":89,"column":3}},"48":{"start":{"line":88,"column":4},"end":{"line":88,"column":68}},"49":{"start":{"line":92,"column":2},"end":{"line":115,"column":3}},"50":{"start":{"line":93,"column":4},"end":{"line":114,"column":5}},"51":{"start":{"line":94,"column":6},"end":{"line":94,"column":65}},"52":{"start":{"line":95,"column":23},"end":{"line":95,"column":53}},"53":{"start":{"line":97,"column":6},"end":{"line":99,"column":7}},"54":{"start":{"line":98,"column":8},"end":{"line":98,"column":68}},"55":{"start":{"line":102,"column":32},"end":{"line":102,"column":53}},"56":{"start":{"line":104,"column":6},"end":{"line":111,"column":8}},"57":{"start":{"line":113,"column":6},"end":{"line":113,"column":64}},"58":{"start":{"line":118,"column":2},"end":{"line":120,"column":3}},"59":{"start":{"line":119,"column":4},"end":{"line":119,"column":61}},"60":{"start":{"line":123,"column":2},"end":{"line":123,"column":14}},"61":{"start":{"line":83,"column":13},"end":{"line":83,"column":34}},"62":{"start":{"line":127,"column":33},"end":{"line":174,"column":1}},"63":{"start":{"line":129,"column":2},"end":{"line":131,"column":3}},"64":{"start":{"line":130,"column":4},"end":{"line":130,"column":43}},"65":{"start":{"line":133,"column":22},"end":{"line":148,"column":4}},"66":{"start":{"line":150,"column":2},"end":{"line":173,"column":3}},"67":{"start":{"line":151,"column":21},"end":{"line":156,"column":6}},"68":{"start":{"line":158,"column":4},"end":{"line":166,"column":5}},"69":{"start":{"line":159,"column":6},"end":{"line":159,"column":82}},"70":{"start":{"line":160,"column":6},"end":{"line":165,"column":8}},"71":{"start":{"line":169,"column":4},"end":{"line":169,"column":70}},"72":{"start":{"line":172,"column":4},"end":{"line":172,"column":43}},"73":{"start":{"line":127,"column":13},"end":{"line":127,"column":33}}},"fnMap":{"0":{"name":"(anonymous_1)","decl":{"start":{"line":9,"column":31},"end":{"line":9,"column":36}},"loc":{"start":{"line":9,"column":79},"end":{"line":28,"column":1}}},"1":{"name":"(anonymous_2)","decl":{"start":{"line":30,"column":33},"end":{"line":30,"column":38}},"loc":{"start":{"line":30,"column":44},"end":{"line":42,"column":1}}},"2":{"name":"(anonymous_3)","decl":{"start":{"line":44,"column":30},"end":{"line":44,"column":35}},"loc":{"start":{"line":44,"column":76},"end":{"line":82,"column":1}}},"3":{"name":"(anonymous_4)","decl":{"start":{"line":83,"column":34},"end":{"line":83,"column":39}},"loc":{"start":{"line":83,"column":71},"end":{"line":124,"column":1}}},"4":{"name":"(anonymous_5)","decl":{"start":{"line":127,"column":33},"end":{"line":127,"column":38}},"loc":{"start":{"line":127,"column":54},"end":{"line":174,"column":1}}}},"branchMap":{"0":{"loc":{"start":{"line":13,"column":4},"end":{"line":15,"column":5}},"type":"if","locations":[{"start":{"line":13,"column":4},"end":{"line":15,"column":5}}]},"1":{"loc":{"start":{"line":18,"column":4},"end":{"line":20,"column":5}},"type":"if","locations":[{"start":{"line":18,"column":4},"end":{"line":20,"column":5}}]},"2":{"loc":{"start":{"line":48,"column":4},"end":{"line":50,"column":5}},"type":"if","locations":[{"start":{"line":48,"column":4},"end":{"line":50,"column":5}}]},"3":{"loc":{"start":{"line":55,"column":4},"end":{"line":80,"column":5}},"type":"if","locations":[{"start":{"line":55,"column":4},"end":{"line":80,"column":5}},{"start":{"line":72,"column":11},"end":{"line":80,"column":5}}]},"4":{"loc":{"start":{"line":59,"column":6},"end":{"line":71,"column":7}},"type":"if","locations":[{"start":{"line":59,"column":6},"end":{"line":71,"column":7}},{"start":{"line":63,"column":13},"end":{"line":71,"column":7}}]},"5":{"loc":{"start":{"line":63,"column":13},"end":{"line":71,"column":7}},"type":"if","locations":[{"start":{"line":63,"column":13},"end":{"line":71,"column":7}},{"start":{"line":67,"column":13},"end":{"line":71,"column":7}}]},"6":{"loc":{"start":{"line":72,"column":11},"end":{"line":80,"column":5}},"type":"if","locations":[{"start":{"line":72,"column":11},"end":{"line":80,"column":5}},{"start":{"line":76,"column":11},"end":{"line":80,"column":5}}]},"7":{"loc":{"start":{"line":87,"column":2},"end":{"line":89,"column":3}},"type":"if","locations":[{"start":{"line":87,"column":2},"end":{"line":89,"column":3}}]},"8":{"loc":{"start":{"line":92,"column":2},"end":{"line":115,"column":3}},"type":"if","locations":[{"start":{"line":92,"column":2},"end":{"line":115,"column":3}}]},"9":{"loc":{"start":{"line":97,"column":6},"end":{"line":99,"column":7}},"type":"if","locations":[{"start":{"line":97,"column":6},"end":{"line":99,"column":7}}]},"10":{"loc":{"start":{"line":106,"column":15},"end":{"line":108,"column":42}},"type":"cond-expr","locations":[{"start":{"line":107,"column":12},"end":{"line":107,"column":40}},{"start":{"line":108,"column":12},"end":{"line":108,"column":42}}]},"11":{"loc":{"start":{"line":109,"column":14},"end":{"line":109,"column":72}},"type":"cond-expr","locations":[{"start":{"line":109,"column":34},"end":{"line":109,"column":49}},{"start":{"line":109,"column":52},"end":{"line":109,"column":72}}]},"12":{"loc":{"start":{"line":118,"column":2},"end":{"line":120,"column":3}},"type":"if","locations":[{"start":{"line":118,"column":2},"end":{"line":120,"column":3}}]},"13":{"loc":{"start":{"line":129,"column":2},"end":{"line":131,"column":3}},"type":"if","locations":[{"start":{"line":129,"column":2},"end":{"line":131,"column":3}}]},"14":{"loc":{"start":{"line":141,"column":14},"end":{"line":141,"column":39}},"type":"binary-expr","locations":[{"start":{"line":141,"column":14},"end":{"line":141,"column":30}},{"start":{"line":141,"column":34},"end":{"line":141,"column":39}}]},"15":{"loc":{"start":{"line":143,"column":11},"end":{"line":143,"column":30}},"type":"binary-expr","locations":[{"start":{"line":143,"column":11},"end":{"line":143,"column":21}},{"start":{"line":143,"column":25},"end":{"line":143,"column":30}}]},"16":{"loc":{"start":{"line":158,"column":4},"end":{"line":166,"column":5}},"type":"if","locations":[{"start":{"line":158,"column":4},"end":{"line":166,"column":5}}]}},"s":{"0":1,"1":1,"2":1,"3":1,"4":5,"5":5,"6":5,"7":1,"8":5,"9":4,"10":3,"11":4,"12":3,"13":2,"14":2,"15":1,"16":1,"17":2,"18":2,"19":1,"20":1,"21":1,"22":1,"23":1,"24":7,"25":7,"26":2,"27":1,"28":1,"29":5,"30":3,"31":3,"32":1,"33":1,"34":2,"35":1,"36":1,"37":1,"38":1,"39":2,"40":1,"41":1,"42":1,"43":1,"44":1,"45":1,"46":11,"47":11,"48":2,"49":9,"50":1,"51":1,"52":1,"53":0,"54":0,"55":0,"56":0,"57":1,"58":8,"59":3,"60":5,"61":1,"62":1,"63":5,"64":1,"65":4,"66":4,"67":4,"68":3,"69":2,"70":2,"71":1,"72":2,"73":1},"f":{"0":5,"1":2,"2":7,"3":11,"4":5},"b":{"0":[1],"1":[3],"2":[1],"3":[3,2],"4":[1,2],"5":[1,1],"6":[1,1],"7":[2],"8":[1],"9":[0],"10":[0,0],"11":[0,0],"12":[3],"13":[1],"14":[4,1],"15":[4,1],"16":[2]}}
,"/Users/sanphetsongjindasak/Desktop/development/tripmate/tripmate-expo/features/auth/hooks/useAuth.ts": {"path":"/Users/sanphetsongjindasak/Desktop/development/tripmate/tripmate-expo/features/auth/hooks/useAuth.ts","statementMap":{"0":{"start":{"line":1,"column":0},"end":{"line":1,"column":44}},"1":{"start":{"line":2,"column":0},"end":{"line":2,"column":69}},"2":{"start":{"line":4,"column":23},"end":{"line":24,"column":1}},"3":{"start":{"line":5,"column":30},"end":{"line":5,"column":59}},"4":{"start":{"line":6,"column":32},"end":{"line":6,"column":46}},"5":{"start":{"line":8,"column":2},"end":{"line":21,"column":9}},"6":{"start":{"line":9,"column":23},"end":{"line":18,"column":5}},"7":{"start":{"line":10,"column":6},"end":{"line":17,"column":7}},"8":{"start":{"line":11,"column":29},"end":{"line":11,"column":65}},"9":{"start":{"line":12,"column":8},"end":{"line":12,"column":32}},"10":{"start":{"line":14,"column":8},"end":{"line":14,"column":73}},"11":{"start":{"line":16,"column":8},"end":{"line":16,"column":26}},"12":{"start":{"line":20,"column":4},"end":{"line":20,"column":17}},"13":{"start":{"line":23,"column":2},"end":{"line":23,"column":29}},"14":{"start":{"line":4,"column":13},"end":{"line":4,"column":23}}},"fnMap":{"0":{"name":"(anonymous_1)","decl":{"start":{"line":4,"column":23},"end":{"line":4,"column":26}},"loc":{"start":{"line":4,"column":28},"end":{"line":24,"column":1}}},"1":{"name":"(anonymous_2)","decl":{"start":{"line":8,"column":12},"end":{"line":8,"column":15}},"loc":{"start":{"line":8,"column":17},"end":{"line":21,"column":3}}},"2":{"name":"(anonymous_3)","decl":{"start":{"line":9,"column":23},"end":{"line":9,"column":28}},"loc":{"start":{"line":9,"column":34},"end":{"line":18,"column":5}}}},"branchMap":{},"s":{"0":1,"1":1,"2":1,"3":7,"4":7,"5":7,"6":4,"7":4,"8":4,"9":2,"10":1,"11":3,"12":4,"13":7,"14":1},"f":{"0":7,"1":4,"2":4},"b":{}}
,"/Users/sanphetsongjindasak/Desktop/development/tripmate/tripmate-expo/lib/axios.ts": {"path":"/Users/sanphetsongjindasak/Desktop/development/tripmate/tripmate-expo/lib/axios.ts","statementMap":{"0":{"start":{"line":1,"column":0},"end":{"line":1,"column":39}},"1":{"start":{"line":2,"column":0},"end":{"line":2,"column":26}},"2":{"start":{"line":3,"column":0},"end":{"line":3,"column":43}},"3":{"start":{"line":5,"column":22},"end":{"line":8,"column":2}},"4":{"start":{"line":63,"column":9},"end":{"line":63,"column":22}},"5":{"start":{"line":11,"column":0},"end":{"line":32,"column":2}},"6":{"start":{"line":13,"column":4},"end":{"line":25,"column":5}},"7":{"start":{"line":14,"column":26},"end":{"line":14,"column":42}},"8":{"start":{"line":16,"column":6},"end":{"line":22,"column":7}},"9":{"start":{"line":17,"column":24},"end":{"line":17,"column":58}},"10":{"start":{"line":18,"column":8},"end":{"line":18,"column":59}},"11":{"start":{"line":19,"column":8},"end":{"line":19,"column":53}},"12":{"start":{"line":21,"column":8},"end":{"line":21,"column":45}},"13":{"start":{"line":24,"column":6},"end":{"line":24,"column":60}},"14":{"start":{"line":27,"column":4},"end":{"line":27,"column":18}},"15":{"start":{"line":30,"column":4},"end":{"line":30,"column":33}},"16":{"start":{"line":35,"column":0},"end":{"line":61,"column":2}},"17":{"start":{"line":37,"column":4},"end":{"line":37,"column":20}},"18":{"start":{"line":40,"column":28},"end":{"line":40,"column":40}},"19":{"start":{"line":42,"column":4},"end":{"line":57,"column":5}},"20":{"start":{"line":43,"column":6},"end":{"line":43,"column":36}},"21":{"start":{"line":45,"column":6},"end":{"line":56,"column":7}},"22":{"start":{"line":46,"column":28},"end":{"line":46,"column":44}},"23":{"start":{"line":47,"column":8},"end":{"line":53,"column":9}},"24":{"start":{"line":48,"column":27},"end":{"line":48,"column":61}},"25":{"start":{"line":49,"column":10},"end":{"line":49,"column":71}},"26":{"start":{"line":50,"column":10},"end":{"line":50,"column":62}},"27":{"start":{"line":52,"column":10},"end":{"line":52,"column":48}},"28":{"start":{"line":55,"column":8},"end":{"line":55,"column":61}},"29":{"start":{"line":59,"column":4},"end":{"line":59,"column":33}}},"fnMap":{"0":{"name":"(anonymous_1)","decl":{"start":{"line":12,"column":2},"end":{"line":12,"column":7}},"loc":{"start":{"line":12,"column":19},"end":{"line":28,"column":3}}},"1":{"name":"(anonymous_2)","decl":{"start":{"line":29,"column":2},"end":{"line":29,"column":3}},"loc":{"start":{"line":29,"column":12},"end":{"line":31,"column":3}}},"2":{"name":"(anonymous_3)","decl":{"start":{"line":36,"column":2},"end":{"line":36,"column":3}},"loc":{"start":{"line":36,"column":15},"end":{"line":38,"column":3}}},"3":{"name":"(anonymous_4)","decl":{"start":{"line":39,"column":2},"end":{"line":39,"column":7}},"loc":{"start":{"line":39,"column":18},"end":{"line":60,"column":3}}}},"branchMap":{"0":{"loc":{"start":{"line":16,"column":6},"end":{"line":22,"column":7}},"type":"if","locations":[{"start":{"line":16,"column":6},"end":{"line":22,"column":7}},{"start":{"line":20,"column":13},"end":{"line":22,"column":7}}]},"1":{"loc":{"start":{"line":42,"column":4},"end":{"line":57,"column":5}},"type":"if","locations":[{"start":{"line":42,"column":4},"end":{"line":57,"column":5}}]},"2":{"loc":{"start":{"line":42,"column":8},"end":{"line":42,"column":65}},"type":"binary-expr","locations":[{"start":{"line":42,"column":8},"end":{"line":42,"column":38}},{"start":{"line":42,"column":42},"end":{"line":42,"column":65}}]},"3":{"loc":{"start":{"line":47,"column":8},"end":{"line":53,"column":9}},"type":"if","locations":[{"start":{"line":47,"column":8},"end":{"line":53,"column":9}}]}},"s":{"0":1,"1":1,"2":1,"3":1,"4":1,"5":1,"6":0,"7":0,"8":0,"9":0,"10":0,"11":0,"12":0,"13":0,"14":0,"15":0,"16":1,"17":0,"18":0,"19":0,"20":0,"21":0,"22":0,"23":0,"24":0,"25":0,"26":0,"27":0,"28":0,"29":0},"f":{"0":0,"1":0,"2":0,"3":0},"b":{"0":[0,0],"1":[0],"2":[0,0],"3":[0]}}
,"/Users/sanphetsongjindasak/Desktop/development/tripmate/tripmate-expo/shared/constants/keysAndRoutes.ts": {"path":"/Users/sanphetsongjindasak/Desktop/development/tripmate/tripmate-expo/shared/constants/keysAndRoutes.ts","statementMap":{"0":{"start":{"line":1,"column":13},"end":{"line":5,"column":2}},"1":{"start":{"line":7,"column":13},"end":{"line":13,"column":11}},"2":{"start":{"line":15,"column":13},"end":{"line":18,"column":2}}},"fnMap":{},"branchMap":{},"s":{"0":1,"1":1,"2":1},"f":{},"b":{}}
}
