TN:
SF:features/auth/authService.ts
FN:9,(anonymous_1)
FN:30,(anonymous_2)
FN:44,(anonymous_3)
FN:83,(anonymous_4)
FN:127,(anonymous_5)
FNF:5
FNH:5
FNDA:5,(anonymous_1)
FNDA:2,(anonymous_2)
FNDA:9,(anonymous_3)
FNDA:11,(anonymous_4)
FNDA:5,(anonymous_5)
DA:3,1
DA:4,1
DA:6,1
DA:9,1
DA:10,5
DA:11,5
DA:13,5
DA:14,1
DA:17,5
DA:18,4
DA:19,3
DA:22,4
DA:23,3
DA:25,2
DA:26,2
DA:30,1
DA:31,2
DA:32,2
DA:37,1
DA:39,1
DA:40,1
DA:44,1
DA:45,9
DA:46,9
DA:48,4
DA:49,3
DA:52,1
DA:55,5
DA:57,3
DA:59,3
DA:61,1
DA:62,1
DA:63,2
DA:65,1
DA:66,1
DA:69,1
DA:70,1
DA:72,2
DA:74,1
DA:75,1
DA:78,1
DA:79,1
DA:83,1
DA:84,11
DA:87,11
DA:88,2
DA:92,9
DA:93,4
DA:94,4
DA:95,4
DA:97,3
DA:98,1
DA:102,2
DA:104,2
DA:113,2
DA:118,5
DA:119,3
DA:123,2
DA:127,1
DA:129,5
DA:130,1
DA:133,4
DA:150,4
DA:151,4
DA:158,3
DA:159,2
DA:160,2
DA:169,1
DA:172,2
LF:69
LH:69
BRDA:13,0,0,1
BRDA:18,1,0,3
BRDA:48,2,0,3
BRDA:55,3,0,3
BRDA:55,3,1,2
BRDA:59,4,0,1
BRDA:59,4,1,2
BRDA:63,5,0,1
BRDA:63,5,1,1
BRDA:72,6,0,1
BRDA:72,6,1,1
BRDA:87,7,0,2
BRDA:92,8,0,4
BRDA:97,9,0,1
BRDA:106,10,0,1
BRDA:106,10,1,1
BRDA:109,11,0,1
BRDA:109,11,1,1
BRDA:118,12,0,3
BRDA:129,13,0,1
BRDA:141,14,0,4
BRDA:141,14,1,1
BRDA:143,15,0,4
BRDA:143,15,1,1
BRDA:158,16,0,2
BRF:25
BRH:25
end_of_record
TN:
SF:features/auth/hooks/useAuth.ts
FN:4,(anonymous_1)
FN:8,(anonymous_2)
FN:9,(anonymous_3)
FNF:3
FNH:3
FNDA:7,(anonymous_1)
FNDA:4,(anonymous_2)
FNDA:4,(anonymous_3)
DA:1,1
DA:2,1
DA:4,1
DA:5,7
DA:6,7
DA:8,7
DA:9,4
DA:10,4
DA:11,4
DA:12,2
DA:14,1
DA:16,3
DA:20,4
DA:23,7
LF:14
LH:14
BRF:0
BRH:0
end_of_record
TN:
SF:shared/constants/keysAndRoutes.ts
FNF:0
FNH:0
DA:1,1
DA:7,1
DA:15,1
LF:3
LH:3
BRF:0
BRH:0
end_of_record
